<?xml version="1.0" encoding="UTF-8"?>
<!-- Generated by org.testng.reporters.JUnitReportReporter -->
<testsuite hostname="Karthik-kuppa.local" name="AiresRest.AiresNotepad" tests="1" failures="0" timestamp="10 Jul 2013 10:22:20 GMT" time="0.053" errors="0">
  <testcase name="testMethod" time="0.053" classname="AiresRest.AiresNotepad"/>
</testsuite> <!-- AiresRest.AiresNotepad -->
