<?xml version="1.0" encoding="UTF-8"?>
<!-- Generated by org.testng.reporters.JUnitReportReporter -->
<testsuite hostname="Karthik-kuppa.local" name="AiresRest.Login" tests="3" failures="0" timestamp="30 Jul 2013 06:59:57 GMT" time="4.057" errors="0">
  <testcase name="testRemoveHeaders" time="0.150" classname="AiresRest.Login"/>
  <testcase name="testDeviceTypes" time="0.458" classname="AiresRest.Login"/>
  <testcase name="testChemicals" time="3.449" classname="AiresRest.Login"/>
</testsuite> <!-- AiresRest.Login -->
